<?xml version="1.0" encoding="UTF-8" standalone="yes"?>
<!DOCTYPE report PUBLIC "-//JACOCO//DTD Report 1.1//EN" "report.dtd">
<report name="ProjectTracker API Coverage - tool_alpha">
  <sessioninfo id="session-alpha-001" start="1705312800000" dump="1705316400000"/>
  <package name="com/projecttracker/controller">
    <class name="com/projecttracker/controller/AuthController" sourcefilename="AuthController.java">
      <method name="login" desc="(Ljava/lang/String;Ljava/lang/String;)Lcom/projecttracker/model/TokenResponse;" line="18">
        <counter type="INSTRUCTION" missed="0" covered="22"/>
        <counter type="BRANCH" missed="1" covered="7"/>
        <counter type="LINE" missed="0" covered="10"/>
        <counter type="METHOD" missed="0" covered="1"/>
      </method>
      <counter type="INSTRUCTION" missed="6" covered="70"/>
      <counter type="BRANCH" missed="4" covered="20"/>
      <counter type="LINE" missed="3" covered="31"/>
      <counter type="METHOD" missed="0" covered="4"/>
    </class>
    <class name="com/projecttracker/controller/UserController" sourcefilename="UserController.java">
      <method name="createUser" desc="(Lcom/projecttracker/model/CreateUserRequest;)Lcom/projecttracker/model/User;" line="22">
        <counter type="INSTRUCTION" missed="0" covered="28"/>
        <counter type="BRANCH" missed="1" covered="9"/>
        <counter type="LINE" missed="0" covered="12"/>
        <counter type="METHOD" missed="0" covered="1"/>
      </method>
      <counter type="INSTRUCTION" missed="15" covered="120"/>
      <counter type="BRANCH" missed="12" covered="39"/>
      <counter type="LINE" missed="8" covered="54"/>
      <counter type="METHOD" missed="1" covered="7"/>
    </class>
    <class name="com/projecttracker/controller/ProjectController" sourcefilename="ProjectController.java">
      <counter type="INSTRUCTION" missed="2" covered="106"/>
      <counter type="BRANCH" missed="7" covered="35"/>
      <counter type="LINE" missed="1" covered="47"/>
      <counter type="METHOD" missed="0" covered="6"/>
    </class>
    <class name="com/projecttracker/controller/TaskController" sourcefilename="TaskController.java">
      <counter type="INSTRUCTION" missed="22" covered="202"/>
      <counter type="BRANCH" missed="18" covered="80"/>
      <counter type="LINE" missed="13" covered="90"/>
      <counter type="METHOD" missed="2" covered="11"/>
    </class>
  </package>
  <package name="com/projecttracker/service">
    <class name="com/projecttracker/service/NotificationService" sourcefilename="NotificationService.java">
      <counter type="INSTRUCTION" missed="2" covered="50"/>
      <counter type="BRANCH" missed="2" covered="18"/>
      <counter type="LINE" missed="1" covered="22"/>
      <counter type="METHOD" missed="0" covered="3"/>
    </class>
    <class name="com/projecttracker/service/CacheService" sourcefilename="CacheService.java">
      <counter type="INSTRUCTION" missed="2" covered="40"/>
      <counter type="BRANCH" missed="1" covered="13"/>
      <counter type="LINE" missed="1" covered="19"/>
      <counter type="METHOD" missed="0" covered="4"/>
    </class>
    <class name="com/projecttracker/service/DatabaseMigrator" sourcefilename="DatabaseMigrator.java">
      <counter type="INSTRUCTION" missed="5" covered="0"/>
      <counter type="BRANCH" missed="2" covered="0"/>
      <counter type="LINE" missed="3" covered="0"/>
      <counter type="METHOD" missed="1" covered="0"/>
    </class>
  </package>
  <package name="com/projecttracker/util">
    <class name="com/projecttracker/util/JsonHelper" sourcefilename="JsonHelper.java">
      <counter type="INSTRUCTION" missed="0" covered="24"/>
      <counter type="BRANCH" missed="0" covered="8"/>
      <counter type="LINE" missed="0" covered="12"/>
      <counter type="METHOD" missed="0" covered="3"/>
    </class>
    <class name="com/projecttracker/util/DateHelper" sourcefilename="DateHelper.java">
      <counter type="INSTRUCTION" missed="0" covered="20"/>
      <counter type="BRANCH" missed="2" covered="7"/>
      <counter type="LINE" missed="30" covered="0"/>
      <counter type="METHOD" missed="0" covered="7"/>
    </class>
  </package>
  <counter type="INSTRUCTION" missed="54" covered="632"/>
  <counter type="BRANCH" missed="48" covered="200"/>
  <counter type="LINE" missed="60" covered="265"/>
  <counter type="COMPLEXITY" missed="24" covered="95"/>
  <counter type="METHOD" missed="4" covered="45"/>
</report>